#
# There is insufficient memory for the Java Runtime Environment to continue.
# Native memory allocation (mmap) failed to map 266338304 bytes for Failed to commit area from 0x0000000702600000 to 0x0000000712400000 of length 266338304.
# Possible reasons:
#   The system is out of physical RAM or swap space
#   The process is running with CompressedOops enabled, and the Java Heap may be blocking the growth of the native heap
# Possible solutions:
#   Reduce memory load on the system
#   Increase physical memory or swap space
#   Check if swap backing store is full
#   Decrease Java heap size (-Xmx/-Xms)
#   Decrease number of Java threads
#   Decrease Java thread stack sizes (-Xss)
#   Set larger code cache with -XX:ReservedCodeCacheSize=
# This output file may be truncated or incomplete.
#
#  Out of Memory Error (./src/hotspot/os/windows/os_windows.cpp:3619), pid=13652, tid=8420
#
# JRE version:  (11.0.13) (build )
# Java VM: OpenJDK 64-Bit Server VM (11.0.13+0-b1751.21-8125866, mixed mode, sharing, tiered, compressed oops, g1 gc, windows-amd64)
# No core dump will be written. Minidumps are not enabled by default on client versions of Windows
#

---------------  S U M M A R Y ------------

Command Line: org.jetbrains.kotlin.cli.jvm.K2JVMCompiler @C:\Users\admin\Downloads\Foody-master\Foody-master\app\build\20240822_2447061238540434476.compiler.options

Host: Intel(R) Core(TM) i5-8350U CPU @ 1.70GHz, 8 cores, 15G,  Windows 11 , 64 bit Build 22621 (10.0.22621.3958)
Time: Thu Aug 22 15:14:32 2024 India Standard Time elapsed time: 0.017054 seconds (0d 0h 0m 0s)

---------------  T H R E A D  ---------------

Current thread (0x00000278c0fcc800):  JavaThread "Unknown thread" [_thread_in_vm, id=8420, stack(0x000000af17400000,0x000000af17500000)]

Stack: [0x000000af17400000,0x000000af17500000]
Native frames: (J=compiled Java code, j=interpreted, Vv=VM code, C=native code)
V  [jvm.dll+0x6100fa]
V  [jvm.dll+0x747090]
V  [jvm.dll+0x7486ad]
V  [jvm.dll+0x748d83]
V  [jvm.dll+0x24ab48]
V  [jvm.dll+0x60d164]
V  [jvm.dll+0x601e75]
V  [jvm.dll+0x308bdb]
V  [jvm.dll+0x308b4a]
V  [jvm.dll+0x308a22]
V  [jvm.dll+0x30d986]
V  [jvm.dll+0x357093]
V  [jvm.dll+0x357796]
V  [jvm.dll+0x357193]
V  [jvm.dll+0x2e3448]
V  [jvm.dll+0x2e45f7]
V  [jvm.dll+0x7242e7]
V  [jvm.dll+0x725adc]
V  [jvm.dll+0x364629]
V  [jvm.dll+0x707cee]
V  [jvm.dll+0x3d2633]
V  [jvm.dll+0x3d4a21]
C  [jli.dll+0x536b]
C  [ucrtbase.dll+0x29333]
C  [KERNEL32.DLL+0x1257d]
C  [ntdll.dll+0x5af28]


---------------  P R O C E S S  ---------------

Threads class SMR info:
_java_thread_list=0x00000278bed12290, length=0, elements={
}

Java Threads: ( => current thread )

Other Threads:
  0x00000278c0fe5000 GCTaskThread "GC Thread#0" [stack: 0x000000af17500000,0x000000af17600000] [id=11260]
  0x00000278c1041800 ConcurrentGCThread "G1 Main Marker" [stack: 0x000000af17600000,0x000000af17700000] [id=14856]
  0x00000278c1042800 ConcurrentGCThread "G1 Conc#0" [stack: 0x000000af17700000,0x000000af17800000] [id=16640]

[error occurred during error reporting (printing all threads), id 0xc0000005, EXCEPTION_ACCESS_VIOLATION (0xc0000005) at pc=0x00007ff92ec83dd7]

VM state:not at safepoint (not fully initialized)

VM Mutex/Monitor currently owned by a thread:  ([mutex/lock_event])
[0x00000278c0fc91e0] Heap_lock - owner thread: 0x00000278c0fcc800

Heap address: 0x0000000702600000, size: 4058 MB, Compressed Oops mode: Non-zero based: 0x0000000702600000
Narrow klass base: 0x0000000000000000, Narrow klass shift: 0

GC Heap History (0 events):
No events

Deoptimization events (0 events):
No events

Classes redefined (0 events):
No events

Internal exceptions (0 events):
No events

Events (1 events):
Event: 0.011 Loaded shared library C:\Program Files\Android\Android Studio7\jre\bin\zip.dll


Dynamic libraries:
0x00007ff749710000 - 0x00007ff74971a000 	C:\Program Files\Android\Android Studio7\jre\bin\java.exe
0x00007ff9ccab0000 - 0x00007ff9cccc7000 	C:\WINDOWS\SYSTEM32\ntdll.dll
0x00007ff9cbbe0000 - 0x00007ff9cbca4000 	C:\WINDOWS\System32\KERNEL32.DLL
0x00007ff9ca030000 - 0x00007ff9ca3dd000 	C:\WINDOWS\System32\KERNELBASE.dll
0x00007ff9c9ee0000 - 0x00007ff9c9ff1000 	C:\WINDOWS\System32\ucrtbase.dll
0x00007ff9a1c00000 - 0x00007ff9a1c19000 	C:\Program Files\Android\Android Studio7\jre\bin\jli.dll
0x00007ff99def0000 - 0x00007ff99df07000 	C:\Program Files\Android\Android Studio7\jre\bin\VCRUNTIME140.dll
0x00007ff9cb920000 - 0x00007ff9cbace000 	C:\WINDOWS\System32\USER32.dll
0x00007ff9ca500000 - 0x00007ff9ca526000 	C:\WINDOWS\System32\win32u.dll
0x00007ff9b44e0000 - 0x00007ff9b4773000 	C:\WINDOWS\WinSxS\amd64_microsoft.windows.common-controls_6595b64144ccf1df_6.0.22621.3672_none_2713b9d173822955\COMCTL32.dll
0x00007ff9ca890000 - 0x00007ff9ca8b9000 	C:\WINDOWS\System32\GDI32.dll
0x00007ff9cc5b0000 - 0x00007ff9cc657000 	C:\WINDOWS\System32\msvcrt.dll
0x00007ff9ca3e0000 - 0x00007ff9ca4f9000 	C:\WINDOWS\System32\gdi32full.dll
0x00007ff9c9e40000 - 0x00007ff9c9eda000 	C:\WINDOWS\System32\msvcp_win.dll
0x00007ff9cc320000 - 0x00007ff9cc351000 	C:\WINDOWS\System32\IMM32.DLL
0x00007ff9776d0000 - 0x00007ff97776d000 	C:\Program Files\Android\Android Studio7\jre\bin\msvcp140.dll
0x00007ff92e990000 - 0x00007ff92f492000 	C:\Program Files\Android\Android Studio7\jre\bin\server\jvm.dll
0x00007ff9cc3e0000 - 0x00007ff9cc492000 	C:\WINDOWS\System32\ADVAPI32.dll
0x00007ff9cbb30000 - 0x00007ff9cbbd9000 	C:\WINDOWS\System32\sechost.dll
0x00007ff9ca000000 - 0x00007ff9ca028000 	C:\WINDOWS\System32\bcrypt.dll
0x00007ff9cb6a0000 - 0x00007ff9cb7b4000 	C:\WINDOWS\System32\RPCRT4.dll
0x00007ff9cca60000 - 0x00007ff9cca68000 	C:\WINDOWS\System32\PSAPI.DLL
0x00007ff9c6780000 - 0x00007ff9c6789000 	C:\WINDOWS\SYSTEM32\WSOCK32.dll
0x00007ff9c3180000 - 0x00007ff9c318a000 	C:\WINDOWS\SYSTEM32\VERSION.dll
0x00007ff9c1e80000 - 0x00007ff9c1eb4000 	C:\WINDOWS\SYSTEM32\WINMM.dll
0x00007ff9cadb0000 - 0x00007ff9cae21000 	C:\WINDOWS\System32\WS2_32.dll
0x00007ff9c8e00000 - 0x00007ff9c8e18000 	C:\WINDOWS\SYSTEM32\kernel.appcore.dll
0x00007ff9a5fa0000 - 0x00007ff9a5fb1000 	C:\Program Files\Android\Android Studio7\jre\bin\verify.dll
0x00007ff9c7730000 - 0x00007ff9c7962000 	C:\WINDOWS\SYSTEM32\DBGHELP.DLL
0x00007ff9ca8c0000 - 0x00007ff9cac4d000 	C:\WINDOWS\System32\combase.dll
0x00007ff9cc4d0000 - 0x00007ff9cc5a7000 	C:\WINDOWS\System32\OLEAUT32.dll
0x00007ff9a0ff0000 - 0x00007ff9a1022000 	C:\WINDOWS\SYSTEM32\dbgcore.DLL
0x00007ff9ca530000 - 0x00007ff9ca5ab000 	C:\WINDOWS\System32\bcryptPrimitives.dll
0x00007ff9a1050000 - 0x00007ff9a1079000 	C:\Program Files\Android\Android Studio7\jre\bin\java.dll
0x00007ff9c17e0000 - 0x00007ff9c17eb000 	C:\Program Files\Android\Android Studio7\jre\bin\jimage.dll
0x00007ff9a2960000 - 0x00007ff9a2978000 	C:\Program Files\Android\Android Studio7\jre\bin\zip.dll

dbghelp: loaded successfully - version: 4.0.5 - missing functions: none
symbol engine: initialized successfully - sym options: 0x614 - pdb path: .;C:\Program Files\Android\Android Studio7\jre\bin;C:\WINDOWS\SYSTEM32;C:\WINDOWS\WinSxS\amd64_microsoft.windows.common-controls_6595b64144ccf1df_6.0.22621.3672_none_2713b9d173822955;C:\Program Files\Android\Android Studio7\jre\bin\server

VM Arguments:
java_command: org.jetbrains.kotlin.cli.jvm.K2JVMCompiler @C:\Users\admin\Downloads\Foody-master\Foody-master\app\build\20240822_2447061238540434476.compiler.options
java_class_path (initial): C:\Users\admin\.gradle\caches\modules-2\files-2.1\org.jetbrains.kotlin\kotlin-compiler-embeddable\1.4.10\38c4b99d5d5362debdd9302a866730379aa2328a\kotlin-compiler-embeddable-1.4.10.jar;C:\Users\admin\.gradle\caches\modules-2\files-2.1\org.jetbrains.kotlin\kotlin-reflect\1.4.10\e2b3c6695eee6085e606d96d685396dce23a3a06\kotlin-reflect-1.4.10.jar;C:\Users\admin\.gradle\caches\modules-2\files-2.1\org.jetbrains.kotlin\kotlin-stdlib\1.4.10\ea29e063d2bbe695be13e9d044dcfb0c7add398e\kotlin-stdlib-1.4.10.jar;C:\Users\admin\.gradle\caches\modules-2\files-2.1\org.jetbrains.kotlin\kotlin-script-runtime\1.4.10\7c19d9c2001e016cd7664cebe9eea66fc04a7f4f\kotlin-script-runtime-1.4.10.jar;C:\Users\admin\.gradle\caches\modules-2\files-2.1\org.jetbrains.kotlin\kotlin-daemon-embeddable\1.4.10\dbd67f42bed28043d17d7c860b06110a00a45970\kotlin-daemon-embeddable-1.4.10.jar;C:\Users\admin\.gradle\caches\modules-2\files-2.1\org.jetbrains.intellij.deps\trove4j\1.0.20181211\216c2e14b070f334479d800987affe4054cd563f\trove4j-1.0.20181211.jar;C:\Users\admin\.gradle\caches\modules-2\files-2.1\org.jetbrains.kotlin\kotlin-stdlib-common\1.4.10\6229be3465805c99db1142ad75e6c6ddeac0b04c\kotlin-stdlib-common-1.4.10.jar;C:\Users\admin\.gradle\caches\modules-2\files-2.1\org.jetbrains\annotations\13.0\919f0dfe192fb4e063e7dacadee7f8bb9a2672a9\annotations-13.0.jar
Launcher Type: SUN_STANDARD

[Global flags]
     intx CICompilerCount                          = 4                                         {product} {ergonomic}
     uint ConcGCThreads                            = 2                                         {product} {ergonomic}
     uint G1ConcRefinementThreads                  = 8                                         {product} {ergonomic}
   size_t G1HeapRegionSize                         = 1048576                                   {product} {ergonomic}
    uintx GCDrainStackTargetSize                   = 64                                        {product} {ergonomic}
   size_t InitialHeapSize                          = 266338304                                 {product} {ergonomic}
   size_t MarkStackSize                            = 4194304                                   {product} {ergonomic}
   size_t MaxHeapSize                              = 4255121408                                {product} {ergonomic}
   size_t MinHeapDeltaBytes                        = 1048576                                   {product} {ergonomic}
    uintx NonNMethodCodeHeapSize                   = 5836300                                {pd product} {ergonomic}
    uintx NonProfiledCodeHeapSize                  = 122910970                              {pd product} {ergonomic}
    uintx ProfiledCodeHeapSize                     = 122910970                              {pd product} {ergonomic}
    uintx ReservedCodeCacheSize                    = 251658240                              {pd product} {ergonomic}
     bool SegmentedCodeCache                       = true                                      {product} {ergonomic}
     bool UseCompressedClassPointers               = true                                 {lp64_product} {ergonomic}
     bool UseCompressedOops                        = true                                 {lp64_product} {ergonomic}
     bool UseG1GC                                  = true                                      {product} {ergonomic}
     bool UseLargePagesIndividualAllocation        = false                                  {pd product} {ergonomic}

Logging:
Log output configuration:
 #0: stdout all=warning uptime,level,tags
 #1: stderr all=off uptime,level,tags

Environment Variables:
PATH=C:\Program Files\Common Files\Oracle\Java\javapath;C:\Program Files\Git\cmd;C:\Program Files\Git\bin;C:\Windows\System32;C:\Users\admin\AppData\Local\Microsoft\WindowsApps;C:\Program Files\Git\bin;C:\Program Files\Java\jdk-17\bin;C:\Users\admin\AppData\Local\Programs\Microsoft VS Code\bin;C:\Windows\System32;C:\src\flutter\bin;C:\Program Files\JetBrains\JetBrains Gateway 2023.3.2\bin;
USERNAME=admin
OS=Windows_NT
PROCESSOR_IDENTIFIER=Intel64 Family 6 Model 142 Stepping 10, GenuineIntel



---------------  S Y S T E M  ---------------

OS: Windows 11 , 64 bit Build 22621 (10.0.22621.3958)
OS uptime: 1 days 6:06 hours

CPU:total 8 (initial active 8) (4 cores per cpu, 2 threads per core) family 6 model 142 stepping 10 microcode 0xf4, cmov, cx8, fxsr, mmx, sse, sse2, sse3, ssse3, sse4.1, sse4.2, popcnt, avx, avx2, aes, clmul, erms, rtm, 3dnowpref, lzcnt, ht, tsc, tscinvbit, bmi1, bmi2, adx, fma

Memory: 4k page, system-wide physical 16227M (2761M free)
TotalPageFile size 16227M (AvailPageFile size 162M)
current process WorkingSet (physical memory assigned to process): 11M, peak: 11M
current process commit charge ("private bytes"): 60M, peak: 314M

vm_info: OpenJDK 64-Bit Server VM (11.0.13+0-b1751.21-8125866) for windows-amd64 JRE (11.0.13+0-b1751.21-8125866), built on Feb  2 2022 03:00:22 by "builder" with MS VC++ 14.0 (VS2015)

END.
